Files already downloaded and verified
Data augmentation type: [RandomHorizontalFlip(p=0.3), ColorJitter(brightness=None, contrast=None, saturation=[0.6, 1.4], hue=None)]
Epoch [1/50], Step [100/245], Loss: 1.2927
Epoch [1/50], Step [200/245], Loss: 1.0651
Train accuracy is: 48.68571428571428 %
Validataion accuracy is: 53.7 %
New best validation accuracy: 53.7 %
Epoch [2/50], Step [100/245], Loss: 0.9939
Epoch [2/50], Step [200/245], Loss: 0.9331
Train accuracy is: 66.26938775510204 %
Validataion accuracy is: 66.6 %
New best validation accuracy: 66.6 %
Epoch [3/50], Step [100/245], Loss: 0.7655
Epoch [3/50], Step [200/245], Loss: 0.8309
Train accuracy is: 71.73673469387755 %
Validataion accuracy is: 70.9 %
New best validation accuracy: 70.9 %
Epoch [4/50], Step [100/245], Loss: 0.8211
Epoch [4/50], Step [200/245], Loss: 0.7516
Train accuracy is: 76.0204081632653 %
Validataion accuracy is: 63.4 %
Epoch [5/50], Step [100/245], Loss: 0.5843
Epoch [5/50], Step [200/245], Loss: 0.7931
Train accuracy is: 78.64489795918368 %
Validataion accuracy is: 73.2 %
New best validation accuracy: 73.2 %
Epoch [6/50], Step [100/245], Loss: 0.5429
Epoch [6/50], Step [200/245], Loss: 0.5285
Train accuracy is: 81.06326530612245 %
Validataion accuracy is: 74.2 %
New best validation accuracy: 74.2 %
Epoch [7/50], Step [100/245], Loss: 0.4487
Epoch [7/50], Step [200/245], Loss: 0.4812
Train accuracy is: 82.95918367346938 %
Validataion accuracy is: 76.0 %
New best validation accuracy: 76.0 %
Epoch [8/50], Step [100/245], Loss: 0.4984
Epoch [8/50], Step [200/245], Loss: 0.4370
Train accuracy is: 84.46326530612245 %
Validataion accuracy is: 78.7 %
New best validation accuracy: 78.7 %
Epoch [9/50], Step [100/245], Loss: 0.3738
Epoch [9/50], Step [200/245], Loss: 0.4404
Train accuracy is: 85.66326530612245 %
Validataion accuracy is: 77.9 %
Epoch [10/50], Step [100/245], Loss: 0.3687
Epoch [10/50], Step [200/245], Loss: 0.4365
Train accuracy is: 86.61632653061224 %
Validataion accuracy is: 80.2 %
New best validation accuracy: 80.2 %
Epoch [11/50], Step [100/245], Loss: 0.3766
Epoch [11/50], Step [200/245], Loss: 0.4401
Train accuracy is: 88.06530612244897 %
Validataion accuracy is: 78.9 %
Epoch [12/50], Step [100/245], Loss: 0.4009
Epoch [12/50], Step [200/245], Loss: 0.2569
Train accuracy is: 88.74285714285715 %
Validataion accuracy is: 82.6 %
New best validation accuracy: 82.6 %
Epoch [13/50], Step [100/245], Loss: 0.3051
Epoch [13/50], Step [200/245], Loss: 0.2563
Train accuracy is: 89.86122448979592 %
Validataion accuracy is: 73.2 %
Epoch [14/50], Step [100/245], Loss: 0.3523
Epoch [14/50], Step [200/245], Loss: 0.2810
Train accuracy is: 90.64285714285714 %
Validataion accuracy is: 83.6 %
New best validation accuracy: 83.6 %
Epoch [15/50], Step [100/245], Loss: 0.2356
Epoch [15/50], Step [200/245], Loss: 0.3008
Train accuracy is: 91.33877551020409 %
Validataion accuracy is: 82.9 %
Epoch [16/50], Step [100/245], Loss: 0.1705
Epoch [16/50], Step [200/245], Loss: 0.2122
Train accuracy is: 91.94489795918368 %
Validataion accuracy is: 82.1 %
Epoch [17/50], Step [100/245], Loss: 0.1953
Epoch [17/50], Step [200/245], Loss: 0.1675
Train accuracy is: 92.47755102040816 %
Validataion accuracy is: 81.2 %
Epoch [18/50], Step [100/245], Loss: 0.1302
Epoch [18/50], Step [200/245], Loss: 0.2394
Train accuracy is: 93.49795918367347 %
Validataion accuracy is: 82.9 %
Epoch [19/50], Step [100/245], Loss: 0.1757
Epoch [19/50], Step [200/245], Loss: 0.1601
Train accuracy is: 93.73877551020408 %
Validataion accuracy is: 85.6 %
New best validation accuracy: 85.6 %
Epoch [20/50], Step [100/245], Loss: 0.1546
Epoch [20/50], Step [200/245], Loss: 0.1370
Train accuracy is: 94.48571428571428 %
Validataion accuracy is: 85.4 %
Epoch [21/50], Step [100/245], Loss: 0.1065
Epoch [21/50], Step [200/245], Loss: 0.2129
Train accuracy is: 95.18571428571428 %
Validataion accuracy is: 83.2 %
Epoch [22/50], Step [100/245], Loss: 0.1027
Epoch [22/50], Step [200/245], Loss: 0.1320
Train accuracy is: 95.69591836734693 %
Validataion accuracy is: 83.9 %
Epoch [23/50], Step [100/245], Loss: 0.0955
Epoch [23/50], Step [200/245], Loss: 0.1293
Train accuracy is: 95.82857142857142 %
Validataion accuracy is: 83.3 %
Epoch [24/50], Step [100/245], Loss: 0.1599
Epoch [24/50], Step [200/245], Loss: 0.1112
Train accuracy is: 96.2326530612245 %
Validataion accuracy is: 85.7 %
New best validation accuracy: 85.7 %
Epoch [25/50], Step [100/245], Loss: 0.0856
Epoch [25/50], Step [200/245], Loss: 0.1018
Train accuracy is: 96.69795918367348 %
Validataion accuracy is: 83.0 %
Epoch [26/50], Step [100/245], Loss: 0.0812
Epoch [26/50], Step [200/245], Loss: 0.1377
Train accuracy is: 96.87551020408164 %
Validataion accuracy is: 84.9 %
Epoch [27/50], Step [100/245], Loss: 0.0781
Epoch [27/50], Step [200/245], Loss: 0.0658
Train accuracy is: 97.10816326530612 %
Validataion accuracy is: 85.2 %
Epoch [28/50], Step [100/245], Loss: 0.1188
Epoch [28/50], Step [200/245], Loss: 0.1122
Train accuracy is: 97.44285714285714 %
Validataion accuracy is: 83.9 %
Epoch [29/50], Step [100/245], Loss: 0.0665
Epoch [29/50], Step [200/245], Loss: 0.0758
Train accuracy is: 97.71020408163265 %
Validataion accuracy is: 84.7 %
Epoch [30/50], Step [100/245], Loss: 0.0729
Epoch [30/50], Step [200/245], Loss: 0.0582
Train accuracy is: 97.89183673469388 %
Validataion accuracy is: 86.1 %
New best validation accuracy: 86.1 %
Epoch [31/50], Step [100/245], Loss: 0.0590
Epoch [31/50], Step [200/245], Loss: 0.0563
Train accuracy is: 98.14693877551021 %
Validataion accuracy is: 85.1 %
Epoch [32/50], Step [100/245], Loss: 0.0270
Epoch [32/50], Step [200/245], Loss: 0.0856
Train accuracy is: 98.28775510204082 %
Validataion accuracy is: 85.8 %
Epoch [33/50], Step [100/245], Loss: 0.0413
Epoch [33/50], Step [200/245], Loss: 0.0294
Train accuracy is: 98.53469387755102 %
Validataion accuracy is: 85.3 %
Epoch [34/50], Step [100/245], Loss: 0.0382
Epoch [34/50], Step [200/245], Loss: 0.0304
Train accuracy is: 98.87346938775511 %
Validataion accuracy is: 85.3 %
Epoch [35/50], Step [100/245], Loss: 0.0496
Epoch [35/50], Step [200/245], Loss: 0.0753
Train accuracy is: 98.76122448979592 %
Validataion accuracy is: 84.9 %
Epoch [36/50], Step [100/245], Loss: 0.0167
Epoch [36/50], Step [200/245], Loss: 0.0306
Train accuracy is: 98.85714285714286 %
Validataion accuracy is: 85.3 %
Epoch [37/50], Step [100/245], Loss: 0.0180
Epoch [37/50], Step [200/245], Loss: 0.0356
Train accuracy is: 99.0204081632653 %
Validataion accuracy is: 86.2 %
New best validation accuracy: 86.2 %
Epoch [38/50], Step [100/245], Loss: 0.0516
Epoch [38/50], Step [200/245], Loss: 0.0645
Train accuracy is: 98.99183673469388 %
Validataion accuracy is: 85.6 %
Epoch [39/50], Step [100/245], Loss: 0.0712
Epoch [39/50], Step [200/245], Loss: 0.0291
Train accuracy is: 99.18979591836735 %
Validataion accuracy is: 86.1 %
Epoch [40/50], Step [100/245], Loss: 0.0196
Epoch [40/50], Step [200/245], Loss: 0.0341
Train accuracy is: 99.23673469387755 %
Validataion accuracy is: 86.1 %
Epoch [41/50], Step [100/245], Loss: 0.0513
Epoch [41/50], Step [200/245], Loss: 0.0410
Train accuracy is: 99.35918367346939 %
Validataion accuracy is: 86.7 %
New best validation accuracy: 86.7 %
Epoch [42/50], Step [100/245], Loss: 0.0156
Epoch [42/50], Step [200/245], Loss: 0.0273
Train accuracy is: 99.46326530612245 %
Validataion accuracy is: 85.1 %
Epoch [43/50], Step [100/245], Loss: 0.0113
Epoch [43/50], Step [200/245], Loss: 0.0190
Train accuracy is: 99.51224489795918 %
Validataion accuracy is: 86.1 %
Epoch [44/50], Step [100/245], Loss: 0.0131
Epoch [44/50], Step [200/245], Loss: 0.0316
Train accuracy is: 99.50408163265305 %
Validataion accuracy is: 85.0 %
Epoch [45/50], Step [100/245], Loss: 0.0177
Epoch [45/50], Step [200/245], Loss: 0.0266
Train accuracy is: 99.63061224489796 %
Validataion accuracy is: 85.9 %
Epoch [46/50], Step [100/245], Loss: 0.0278
Epoch [46/50], Step [200/245], Loss: 0.0134
Train accuracy is: 99.68775510204081 %
Validataion accuracy is: 86.0 %
Epoch [47/50], Step [100/245], Loss: 0.0101
Epoch [47/50], Step [200/245], Loss: 0.0145
Train accuracy is: 99.71020408163265 %
Validataion accuracy is: 86.3 %
Epoch [48/50], Step [100/245], Loss: 0.0158
Epoch [48/50], Step [200/245], Loss: 0.0072
Train accuracy is: 99.78775510204082 %
Validataion accuracy is: 87.0 %
New best validation accuracy: 87.0 %
Epoch [49/50], Step [100/245], Loss: 0.0091
Epoch [49/50], Step [200/245], Loss: 0.0141
Train accuracy is: 99.85918367346939 %
Validataion accuracy is: 86.1 %
Epoch [50/50], Step [100/245], Loss: 0.0205
Epoch [50/50], Step [200/245], Loss: 0.0141
Train accuracy is: 99.76938775510204 %
Validataion accuracy is: 85.8 %


Best best_data_aug [RandomHorizontalFlip(p=0.3), ColorJitter(brightness=None, contrast=None, saturation=[0.6, 1.4], hue=None)]