VggModel(
  (net): VGG(
    (features): Sequential(
      (0): Conv2d(3, 64, kernel_size=(3, 3), stride=(1, 1), padding=(1, 1))
      (1): BatchNorm2d(64, eps=1e-05, momentum=0.1, affine=True, track_running_stats=True)
      (2): ReLU(inplace=True)
      (3): MaxPool2d(kernel_size=2, stride=2, padding=0, dilation=1, ceil_mode=False)
      (4): Conv2d(64, 128, kernel_size=(3, 3), stride=(1, 1), padding=(1, 1))
      (5): BatchNorm2d(128, eps=1e-05, momentum=0.1, affine=True, track_running_stats=True)
      (6): ReLU(inplace=True)
      (7): MaxPool2d(kernel_size=2, stride=2, padding=0, dilation=1, ceil_mode=False)
      (8): Conv2d(128, 256, kernel_size=(3, 3), stride=(1, 1), padding=(1, 1))
      (9): BatchNorm2d(256, eps=1e-05, momentum=0.1, affine=True, track_running_stats=True)
      (10): ReLU(inplace=True)
      (11): Conv2d(256, 256, kernel_size=(3, 3), stride=(1, 1), padding=(1, 1))
      (12): BatchNorm2d(256, eps=1e-05, momentum=0.1, affine=True, track_running_stats=True)
      (13): ReLU(inplace=True)
      (14): MaxPool2d(kernel_size=2, stride=2, padding=0, dilation=1, ceil_mode=False)
      (15): Conv2d(256, 512, kernel_size=(3, 3), stride=(1, 1), padding=(1, 1))
      (16): BatchNorm2d(512, eps=1e-05, momentum=0.1, affine=True, track_running_stats=True)
      (17): ReLU(inplace=True)
      (18): Conv2d(512, 512, kernel_size=(3, 3), stride=(1, 1), padding=(1, 1))
      (19): BatchNorm2d(512, eps=1e-05, momentum=0.1, affine=True, track_running_stats=True)
      (20): ReLU(inplace=True)
      (21): MaxPool2d(kernel_size=2, stride=2, padding=0, dilation=1, ceil_mode=False)
      (22): Conv2d(512, 512, kernel_size=(3, 3), stride=(1, 1), padding=(1, 1))
      (23): BatchNorm2d(512, eps=1e-05, momentum=0.1, affine=True, track_running_stats=True)
      (24): ReLU(inplace=True)
      (25): Conv2d(512, 512, kernel_size=(3, 3), stride=(1, 1), padding=(1, 1))
      (26): BatchNorm2d(512, eps=1e-05, momentum=0.1, affine=True, track_running_stats=True)
      (27): ReLU(inplace=True)
      (28): MaxPool2d(kernel_size=2, stride=2, padding=0, dilation=1, ceil_mode=False)
    )
    (avgpool): Identity()
    (classifier): Sequential(
      (0): Flatten(start_dim=1, end_dim=-1)
      (1): Linear(in_features=512, out_features=256, bias=True)
      (2): BatchNorm1d(256, eps=1e-05, momentum=0.1, affine=True, track_running_stats=True)
      (3): ReLU()
      (4): Linear(in_features=256, out_features=10, bias=True)
    )
  )
)
Params to learn:
	 net.features.0.weight
	 net.features.0.bias
	 net.features.1.weight
	 net.features.1.bias
	 net.features.4.weight
	 net.features.4.bias
	 net.features.5.weight
	 net.features.5.bias
	 net.features.8.weight
	 net.features.8.bias
	 net.features.9.weight
	 net.features.9.bias
	 net.features.11.weight
	 net.features.11.bias
	 net.features.12.weight
	 net.features.12.bias
	 net.features.15.weight
	 net.features.15.bias
	 net.features.16.weight
	 net.features.16.bias
	 net.features.18.weight
	 net.features.18.bias
	 net.features.19.weight
	 net.features.19.bias
	 net.features.22.weight
	 net.features.22.bias
	 net.features.23.weight
	 net.features.23.bias
	 net.features.25.weight
	 net.features.25.bias
	 net.features.26.weight
	 net.features.26.bias
	 net.classifier.1.weight
	 net.classifier.1.bias
	 net.classifier.2.weight
	 net.classifier.2.bias
	 net.classifier.4.weight
	 net.classifier.4.bias

Epoch [1/30], Step [100/245], Loss: 0.4860
Epoch [1/30], Step [200/245], Loss: 0.4537
Train accuracy is: 88.5 %
New best validation accuracy: 84.2 %
Validataion accuracy is: 84.2 %
Epoch [2/30], Step [100/245], Loss: 0.3874
Epoch [2/30], Step [200/245], Loss: 0.3392
Train accuracy is: 84.2 %
New best validation accuracy: 86.3 %
Validataion accuracy is: 86.3 %
Epoch [3/30], Step [100/245], Loss: 0.2215
Epoch [3/30], Step [200/245], Loss: 0.2466
Train accuracy is: 86.3 %
New best validation accuracy: 86.9 %
Validataion accuracy is: 86.9 %
Epoch [4/30], Step [100/245], Loss: 0.2463
Epoch [4/30], Step [200/245], Loss: 0.2092
Train accuracy is: 86.9 %
Validataion accuracy is: 86.2 %
Epoch [5/30], Step [100/245], Loss: 0.1725
Epoch [5/30], Step [200/245], Loss: 0.2160
Train accuracy is: 86.2 %
New best validation accuracy: 88.4 %
Validataion accuracy is: 88.4 %
Epoch [6/30], Step [100/245], Loss: 0.1538
Epoch [6/30], Step [200/245], Loss: 0.1863
Train accuracy is: 88.4 %
Validataion accuracy is: 87.6 %
Epoch [7/30], Step [100/245], Loss: 0.2284
Epoch [7/30], Step [200/245], Loss: 0.1189
Train accuracy is: 87.6 %
Validataion accuracy is: 87.3 %
Epoch [8/30], Step [100/245], Loss: 0.0786
Epoch [8/30], Step [200/245], Loss: 0.0985
Train accuracy is: 87.3 %
Validataion accuracy is: 87.3 %
Epoch [9/30], Step [100/245], Loss: 0.1005
Epoch [9/30], Step [200/245], Loss: 0.0432
Train accuracy is: 87.3 %
Validataion accuracy is: 87.9 %
Epoch [10/30], Step [100/245], Loss: 0.0611
Epoch [10/30], Step [200/245], Loss: 0.1019
Train accuracy is: 87.9 %
Validataion accuracy is: 87.5 %
Epoch [11/30], Step [100/245], Loss: 0.1268
Epoch [11/30], Step [200/245], Loss: 0.1052
Train accuracy is: 87.5 %
Validataion accuracy is: 86.9 %
Epoch [12/30], Step [100/245], Loss: 0.0654
Epoch [12/30], Step [200/245], Loss: 0.0728
Train accuracy is: 86.9 %
Validataion accuracy is: 87.5 %
Epoch [13/30], Step [100/245], Loss: 0.0529
Epoch [13/30], Step [200/245], Loss: 0.0835
Train accuracy is: 87.5 %
New best validation accuracy: 89.4 %
Validataion accuracy is: 89.4 %
Epoch [14/30], Step [100/245], Loss: 0.0355
Epoch [14/30], Step [200/245], Loss: 0.0458
Train accuracy is: 89.4 %
Validataion accuracy is: 88.8 %
Epoch [15/30], Step [100/245], Loss: 0.0160
Epoch [15/30], Step [200/245], Loss: 0.0909
Train accuracy is: 88.8 %
Validataion accuracy is: 88.2 %
Epoch [16/30], Step [100/245], Loss: 0.0345
Epoch [16/30], Step [200/245], Loss: 0.0258
Train accuracy is: 88.2 %
Validataion accuracy is: 87.5 %
Epoch [17/30], Step [100/245], Loss: 0.0417
Epoch [17/30], Step [200/245], Loss: 0.1074
Train accuracy is: 87.5 %
Validataion accuracy is: 88.8 %
Epoch [18/30], Step [100/245], Loss: 0.0339
Epoch [18/30], Step [200/245], Loss: 0.0521
Train accuracy is: 88.8 %
Validataion accuracy is: 89.0 %
Epoch [19/30], Step [100/245], Loss: 0.0466
Epoch [19/30], Step [200/245], Loss: 0.0304
Train accuracy is: 89.0 %
Validataion accuracy is: 86.9 %
Epoch [20/30], Step [100/245], Loss: 0.0352
Epoch [20/30], Step [200/245], Loss: 0.0479
Train accuracy is: 86.9 %
Validataion accuracy is: 88.5 %
Epoch [21/30], Step [100/245], Loss: 0.0487
Epoch [21/30], Step [200/245], Loss: 0.0272
Train accuracy is: 88.5 %
New best validation accuracy: 89.6 %
Validataion accuracy is: 89.6 %
Epoch [22/30], Step [100/245], Loss: 0.0184
Epoch [22/30], Step [200/245], Loss: 0.0502
Train accuracy is: 89.6 %
Validataion accuracy is: 87.9 %
Epoch [23/30], Step [100/245], Loss: 0.0214
Epoch [23/30], Step [200/245], Loss: 0.0451
Train accuracy is: 87.9 %
Validataion accuracy is: 88.2 %
Epoch [24/30], Step [100/245], Loss: 0.0159
Epoch [24/30], Step [200/245], Loss: 0.0219
Train accuracy is: 88.2 %
Validataion accuracy is: 89.4 %
Epoch [25/30], Step [100/245], Loss: 0.0384
Epoch [25/30], Step [200/245], Loss: 0.0232
Train accuracy is: 89.4 %
New best validation accuracy: 90.4 %
Validataion accuracy is: 90.4 %
Epoch [26/30], Step [100/245], Loss: 0.0220
Epoch [26/30], Step [200/245], Loss: 0.0307
Train accuracy is: 90.4 %
Validataion accuracy is: 90.1 %
Epoch [27/30], Step [100/245], Loss: 0.0043
Epoch [27/30], Step [200/245], Loss: 0.0307
Train accuracy is: 90.1 %
Validataion accuracy is: 88.8 %
Epoch [28/30], Step [100/245], Loss: 0.0032
Epoch [28/30], Step [200/245], Loss: 0.0045
Train accuracy is: 88.8 %
Validataion accuracy is: 88.8 %
Epoch [29/30], Step [100/245], Loss: 0.0243
Epoch [29/30], Step [200/245], Loss: 0.0471
Train accuracy is: 88.8 %
Validataion accuracy is: 88.5 %
Epoch [30/30], Step [100/245], Loss: 0.0187
Epoch [30/30], Step [200/245], Loss: 0.0079
Train accuracy is: 88.5 %
Validataion accuracy is: 88.1 %

Accuracy of the network on the 1000 test images: 88.6 %

