VggModel(
  (net): VGG(
    (features): Sequential(
      (0): Conv2d(3, 64, kernel_size=(3, 3), stride=(1, 1), padding=(1, 1))
      (1): BatchNorm2d(64, eps=1e-05, momentum=0.1, affine=True, track_running_stats=True)
      (2): ReLU(inplace=True)
      (3): MaxPool2d(kernel_size=2, stride=2, padding=0, dilation=1, ceil_mode=False)
      (4): Conv2d(64, 128, kernel_size=(3, 3), stride=(1, 1), padding=(1, 1))
      (5): BatchNorm2d(128, eps=1e-05, momentum=0.1, affine=True, track_running_stats=True)
      (6): ReLU(inplace=True)
      (7): MaxPool2d(kernel_size=2, stride=2, padding=0, dilation=1, ceil_mode=False)
      (8): Conv2d(128, 256, kernel_size=(3, 3), stride=(1, 1), padding=(1, 1))
      (9): BatchNorm2d(256, eps=1e-05, momentum=0.1, affine=True, track_running_stats=True)
      (10): ReLU(inplace=True)
      (11): Conv2d(256, 256, kernel_size=(3, 3), stride=(1, 1), padding=(1, 1))
      (12): BatchNorm2d(256, eps=1e-05, momentum=0.1, affine=True, track_running_stats=True)
      (13): ReLU(inplace=True)
      (14): MaxPool2d(kernel_size=2, stride=2, padding=0, dilation=1, ceil_mode=False)
      (15): Conv2d(256, 512, kernel_size=(3, 3), stride=(1, 1), padding=(1, 1))
      (16): BatchNorm2d(512, eps=1e-05, momentum=0.1, affine=True, track_running_stats=True)
      (17): ReLU(inplace=True)
      (18): Conv2d(512, 512, kernel_size=(3, 3), stride=(1, 1), padding=(1, 1))
      (19): BatchNorm2d(512, eps=1e-05, momentum=0.1, affine=True, track_running_stats=True)
      (20): ReLU(inplace=True)
      (21): MaxPool2d(kernel_size=2, stride=2, padding=0, dilation=1, ceil_mode=False)
      (22): Conv2d(512, 512, kernel_size=(3, 3), stride=(1, 1), padding=(1, 1))
      (23): BatchNorm2d(512, eps=1e-05, momentum=0.1, affine=True, track_running_stats=True)
      (24): ReLU(inplace=True)
      (25): Conv2d(512, 512, kernel_size=(3, 3), stride=(1, 1), padding=(1, 1))
      (26): BatchNorm2d(512, eps=1e-05, momentum=0.1, affine=True, track_running_stats=True)
      (27): ReLU(inplace=True)
      (28): MaxPool2d(kernel_size=2, stride=2, padding=0, dilation=1, ceil_mode=False)
    )
    (avgpool): Identity()
    (classifier): Sequential(
      (0): Flatten(start_dim=1, end_dim=-1)
      (1): Linear(in_features=512, out_features=256, bias=True)
      (2): BatchNorm1d(256, eps=1e-05, momentum=0.1, affine=True, track_running_stats=True)
      (3): ReLU()
      (4): Linear(in_features=256, out_features=10, bias=True)
    )
  )
)
Params to learn:
	 net.classifier.1.weight
	 net.classifier.1.bias
	 net.classifier.2.weight
	 net.classifier.2.bias
	 net.classifier.4.weight
	 net.classifier.4.bias

Epoch [1/30], Step [100/245], Loss: 1.0713
Epoch [1/30], Step [200/245], Loss: 1.2020
New best validation accuracy: 61.2 %
Validataion accuracy is: 61.2 %
Epoch [2/30], Step [100/245], Loss: 1.0103
Epoch [2/30], Step [200/245], Loss: 0.9701
New best validation accuracy: 61.4 %
Validataion accuracy is: 61.4 %
Epoch [3/30], Step [100/245], Loss: 0.9258
Epoch [3/30], Step [200/245], Loss: 0.9070
New best validation accuracy: 62.4 %
Validataion accuracy is: 62.4 %
Epoch [4/30], Step [100/245], Loss: 1.0346
Epoch [4/30], Step [200/245], Loss: 0.9940
New best validation accuracy: 63.3 %
Validataion accuracy is: 63.3 %
Epoch [5/30], Step [100/245], Loss: 0.8886
Epoch [5/30], Step [200/245], Loss: 0.8059
Validataion accuracy is: 63.3 %
Epoch [6/30], Step [100/245], Loss: 0.7995
Epoch [6/30], Step [200/245], Loss: 0.9157
Validataion accuracy is: 62.9 %
Epoch [7/30], Step [100/245], Loss: 0.8554
Epoch [7/30], Step [200/245], Loss: 1.0290
Validataion accuracy is: 62.9 %
Epoch [8/30], Step [100/245], Loss: 0.7518
Epoch [8/30], Step [200/245], Loss: 0.7575
New best validation accuracy: 64.0 %
Validataion accuracy is: 64.0 %
Epoch [9/30], Step [100/245], Loss: 0.7664
Epoch [9/30], Step [200/245], Loss: 0.7426
Validataion accuracy is: 62.8 %
Epoch [10/30], Step [100/245], Loss: 0.7051
Epoch [10/30], Step [200/245], Loss: 0.7655
Validataion accuracy is: 62.4 %
Epoch [11/30], Step [100/245], Loss: 0.7256
Epoch [11/30], Step [200/245], Loss: 0.6577
New best validation accuracy: 64.5 %
Validataion accuracy is: 64.5 %
Epoch [12/30], Step [100/245], Loss: 0.7227
Epoch [12/30], Step [200/245], Loss: 0.6703
Validataion accuracy is: 63.9 %
Epoch [13/30], Step [100/245], Loss: 0.6774
Epoch [13/30], Step [200/245], Loss: 0.7412
New best validation accuracy: 64.7 %
Validataion accuracy is: 64.7 %
Epoch [14/30], Step [100/245], Loss: 0.6022
Epoch [14/30], Step [200/245], Loss: 0.5672
Validataion accuracy is: 63.8 %
Epoch [15/30], Step [100/245], Loss: 0.5964
Epoch [15/30], Step [200/245], Loss: 0.6149
Validataion accuracy is: 63.8 %
Epoch [16/30], Step [100/245], Loss: 0.6269
Epoch [16/30], Step [200/245], Loss: 0.5230
Validataion accuracy is: 63.6 %
Epoch [17/30], Step [100/245], Loss: 0.5815
Epoch [17/30], Step [200/245], Loss: 0.6667
Validataion accuracy is: 62.5 %
Epoch [18/30], Step [100/245], Loss: 0.5745
Epoch [18/30], Step [200/245], Loss: 0.7910
Validataion accuracy is: 64.4 %
Epoch [19/30], Step [100/245], Loss: 0.6644
Epoch [19/30], Step [200/245], Loss: 0.6072
Validataion accuracy is: 64.3 %
Epoch [20/30], Step [100/245], Loss: 0.5974
Epoch [20/30], Step [200/245], Loss: 0.5829
Validataion accuracy is: 62.3 %
Epoch [21/30], Step [100/245], Loss: 0.5133
Epoch [21/30], Step [200/245], Loss: 0.4285
Validataion accuracy is: 62.2 %
Epoch [22/30], Step [100/245], Loss: 0.4922
Epoch [22/30], Step [200/245], Loss: 0.5782
Validataion accuracy is: 64.2 %
Epoch [23/30], Step [100/245], Loss: 0.4687
Epoch [23/30], Step [200/245], Loss: 0.7378
Validataion accuracy is: 64.3 %
Epoch [24/30], Step [100/245], Loss: 0.5436
Epoch [24/30], Step [200/245], Loss: 0.5574
Validataion accuracy is: 61.9 %
Epoch [25/30], Step [100/245], Loss: 0.7254
Epoch [25/30], Step [200/245], Loss: 0.4818
Validataion accuracy is: 62.3 %
Epoch [26/30], Step [100/245], Loss: 0.5311
Epoch [26/30], Step [200/245], Loss: 0.5126
Validataion accuracy is: 60.9 %
Epoch [27/30], Step [100/245], Loss: 0.4397
Epoch [27/30], Step [200/245], Loss: 0.5110
Validataion accuracy is: 62.2 %
Epoch [28/30], Step [100/245], Loss: 0.4955
Epoch [28/30], Step [200/245], Loss: 0.4197
Validataion accuracy is: 64.6 %
Epoch [29/30], Step [100/245], Loss: 0.4961
Epoch [29/30], Step [200/245], Loss: 0.3842
New best validation accuracy: 65.0 %
Validataion accuracy is: 65.0 %
Epoch [30/30], Step [100/245], Loss: 0.5131
Epoch [30/30], Step [200/245], Loss: 0.4606
Validataion accuracy is: 62.0 %

Accuracy of the network on the 1000 test images: 64.2 %
