VggModel(
  (net): VGG(
    (features): Sequential(
      (0): Conv2d(3, 64, kernel_size=(3, 3), stride=(1, 1), padding=(1, 1))
      (1): BatchNorm2d(64, eps=1e-05, momentum=0.1, affine=True, track_running_stats=True)
      (2): ReLU(inplace=True)
      (3): MaxPool2d(kernel_size=2, stride=2, padding=0, dilation=1, ceil_mode=False)
      (4): Conv2d(64, 128, kernel_size=(3, 3), stride=(1, 1), padding=(1, 1))
      (5): BatchNorm2d(128, eps=1e-05, momentum=0.1, affine=True, track_running_stats=True)
      (6): ReLU(inplace=True)
      (7): MaxPool2d(kernel_size=2, stride=2, padding=0, dilation=1, ceil_mode=False)
      (8): Conv2d(128, 256, kernel_size=(3, 3), stride=(1, 1), padding=(1, 1))
      (9): BatchNorm2d(256, eps=1e-05, momentum=0.1, affine=True, track_running_stats=True)
      (10): ReLU(inplace=True)
      (11): Conv2d(256, 256, kernel_size=(3, 3), stride=(1, 1), padding=(1, 1))
      (12): BatchNorm2d(256, eps=1e-05, momentum=0.1, affine=True, track_running_stats=True)
      (13): ReLU(inplace=True)
      (14): MaxPool2d(kernel_size=2, stride=2, padding=0, dilation=1, ceil_mode=False)
      (15): Conv2d(256, 512, kernel_size=(3, 3), stride=(1, 1), padding=(1, 1))
      (16): BatchNorm2d(512, eps=1e-05, momentum=0.1, affine=True, track_running_stats=True)
      (17): ReLU(inplace=True)
      (18): Conv2d(512, 512, kernel_size=(3, 3), stride=(1, 1), padding=(1, 1))
      (19): BatchNorm2d(512, eps=1e-05, momentum=0.1, affine=True, track_running_stats=True)
      (20): ReLU(inplace=True)
      (21): MaxPool2d(kernel_size=2, stride=2, padding=0, dilation=1, ceil_mode=False)
      (22): Conv2d(512, 512, kernel_size=(3, 3), stride=(1, 1), padding=(1, 1))
      (23): BatchNorm2d(512, eps=1e-05, momentum=0.1, affine=True, track_running_stats=True)
      (24): ReLU(inplace=True)
      (25): Conv2d(512, 512, kernel_size=(3, 3), stride=(1, 1), padding=(1, 1))
      (26): BatchNorm2d(512, eps=1e-05, momentum=0.1, affine=True, track_running_stats=True)
      (27): ReLU(inplace=True)
      (28): MaxPool2d(kernel_size=2, stride=2, padding=0, dilation=1, ceil_mode=False)
    )
    (avgpool): Identity()
    (classifier): Sequential(
      (0): Flatten(start_dim=1, end_dim=-1)
      (1): Linear(in_features=512, out_features=256, bias=True)
      (2): BatchNorm1d(256, eps=1e-05, momentum=0.1, affine=True, track_running_stats=True)
      (3): ReLU()
      (4): Linear(in_features=256, out_features=10, bias=True)
    )
  )
)
Params to learn:
	 net.features.0.weight
	 net.features.0.bias
	 net.features.1.weight
	 net.features.1.bias
	 net.features.4.weight
	 net.features.4.bias
	 net.features.5.weight
	 net.features.5.bias
	 net.features.8.weight
	 net.features.8.bias
	 net.features.9.weight
	 net.features.9.bias
	 net.features.11.weight
	 net.features.11.bias
	 net.features.12.weight
	 net.features.12.bias
	 net.features.15.weight
	 net.features.15.bias
	 net.features.16.weight
	 net.features.16.bias
	 net.features.18.weight
	 net.features.18.bias
	 net.features.19.weight
	 net.features.19.bias
	 net.features.22.weight
	 net.features.22.bias
	 net.features.23.weight
	 net.features.23.bias
	 net.features.25.weight
	 net.features.25.bias
	 net.features.26.weight
	 net.features.26.bias
	 net.classifier.1.weight
	 net.classifier.1.bias
	 net.classifier.2.weight
	 net.classifier.2.bias
	 net.classifier.4.weight
	 net.classifier.4.bias

Epoch [1/30], Step [100/245], Loss: 1.0186
Epoch [1/30], Step [200/245], Loss: 0.8906
Train accuracy is: 88.6 %
New best validation accuracy: 69.8 %
Validataion accuracy is: 69.8 %
Epoch [2/30], Step [100/245], Loss: 0.7215
Epoch [2/30], Step [200/245], Loss: 0.6301
Train accuracy is: 69.8 %
New best validation accuracy: 76.9 %
Validataion accuracy is: 76.9 %
Epoch [3/30], Step [100/245], Loss: 0.6081
Epoch [3/30], Step [200/245], Loss: 0.6388
Train accuracy is: 76.9 %
New best validation accuracy: 79.6 %
Validataion accuracy is: 79.6 %
Epoch [4/30], Step [100/245], Loss: 0.4071
Epoch [4/30], Step [200/245], Loss: 0.5302
Train accuracy is: 79.6 %
New best validation accuracy: 81.6 %
Validataion accuracy is: 81.6 %
Epoch [5/30], Step [100/245], Loss: 0.4042
Epoch [5/30], Step [200/245], Loss: 0.5084
Train accuracy is: 81.6 %
New best validation accuracy: 82.2 %
Validataion accuracy is: 82.2 %
Epoch [6/30], Step [100/245], Loss: 0.4347
Epoch [6/30], Step [200/245], Loss: 0.2992
Train accuracy is: 82.2 %
New best validation accuracy: 84.0 %
Validataion accuracy is: 84.0 %
Epoch [7/30], Step [100/245], Loss: 0.2682
Epoch [7/30], Step [200/245], Loss: 0.3041
Train accuracy is: 84.0 %
Validataion accuracy is: 83.7 %
Epoch [8/30], Step [100/245], Loss: 0.2052
Epoch [8/30], Step [200/245], Loss: 0.3295
Train accuracy is: 83.7 %
New best validation accuracy: 84.2 %
Validataion accuracy is: 84.2 %
Epoch [9/30], Step [100/245], Loss: 0.1999
Epoch [9/30], Step [200/245], Loss: 0.2464
Train accuracy is: 84.2 %
New best validation accuracy: 85.0 %
Validataion accuracy is: 85.0 %
Epoch [10/30], Step [100/245], Loss: 0.1509
Epoch [10/30], Step [200/245], Loss: 0.1588
Train accuracy is: 85.0 %
New best validation accuracy: 86.1 %
Validataion accuracy is: 86.1 %
Epoch [11/30], Step [100/245], Loss: 0.1589
Epoch [11/30], Step [200/245], Loss: 0.2127
Train accuracy is: 86.1 %
Validataion accuracy is: 83.8 %
Epoch [12/30], Step [100/245], Loss: 0.1030
Epoch [12/30], Step [200/245], Loss: 0.1828
Train accuracy is: 83.8 %
Validataion accuracy is: 84.8 %
Epoch [13/30], Step [100/245], Loss: 0.1406
Epoch [13/30], Step [200/245], Loss: 0.1075
Train accuracy is: 84.8 %
Validataion accuracy is: 85.9 %
Epoch [14/30], Step [100/245], Loss: 0.0973
Epoch [14/30], Step [200/245], Loss: 0.0885
Train accuracy is: 85.9 %
Validataion accuracy is: 85.3 %
Epoch [15/30], Step [100/245], Loss: 0.1336
Epoch [15/30], Step [200/245], Loss: 0.0344
Train accuracy is: 85.3 %
Validataion accuracy is: 84.3 %
Epoch [16/30], Step [100/245], Loss: 0.0416
Epoch [16/30], Step [200/245], Loss: 0.0481
Train accuracy is: 84.3 %
Validataion accuracy is: 85.8 %
Epoch [17/30], Step [100/245], Loss: 0.0595
Epoch [17/30], Step [200/245], Loss: 0.0634
Train accuracy is: 85.8 %
New best validation accuracy: 87.1 %
Validataion accuracy is: 87.1 %
Epoch [18/30], Step [100/245], Loss: 0.0928
Epoch [18/30], Step [200/245], Loss: 0.0292
Train accuracy is: 87.1 %
Validataion accuracy is: 86.2 %
Epoch [19/30], Step [100/245], Loss: 0.0839
Epoch [19/30], Step [200/245], Loss: 0.0545
Train accuracy is: 86.2 %
Validataion accuracy is: 85.5 %
Epoch [20/30], Step [100/245], Loss: 0.0483
Epoch [20/30], Step [200/245], Loss: 0.0542
Train accuracy is: 85.5 %
Validataion accuracy is: 86.1 %
Epoch [21/30], Step [100/245], Loss: 0.0250
Epoch [21/30], Step [200/245], Loss: 0.0504
Train accuracy is: 86.1 %
Validataion accuracy is: 85.0 %
Epoch [22/30], Step [100/245], Loss: 0.0322
Epoch [22/30], Step [200/245], Loss: 0.0359
Train accuracy is: 85.0 %
Validataion accuracy is: 85.1 %
Epoch [23/30], Step [100/245], Loss: 0.0275
Epoch [23/30], Step [200/245], Loss: 0.0165
Train accuracy is: 85.1 %
Validataion accuracy is: 85.6 %
Epoch [24/30], Step [100/245], Loss: 0.0486
Epoch [24/30], Step [200/245], Loss: 0.0565
Train accuracy is: 85.6 %
Validataion accuracy is: 84.8 %
Epoch [25/30], Step [100/245], Loss: 0.0216
Epoch [25/30], Step [200/245], Loss: 0.0143
Train accuracy is: 84.8 %
Validataion accuracy is: 85.7 %
Epoch [26/30], Step [100/245], Loss: 0.0197
Epoch [26/30], Step [200/245], Loss: 0.0476
Train accuracy is: 85.7 %
New best validation accuracy: 87.3 %
Validataion accuracy is: 87.3 %
Epoch [27/30], Step [100/245], Loss: 0.0301
Epoch [27/30], Step [200/245], Loss: 0.0802
Train accuracy is: 87.3 %
Validataion accuracy is: 85.6 %
Epoch [28/30], Step [100/245], Loss: 0.0131
Epoch [28/30], Step [200/245], Loss: 0.0850
Train accuracy is: 85.6 %
Validataion accuracy is: 85.9 %
Epoch [29/30], Step [100/245], Loss: 0.0098
Epoch [29/30], Step [200/245], Loss: 0.0350
Train accuracy is: 85.9 %
Validataion accuracy is: 86.7 %
Epoch [30/30], Step [100/245], Loss: 0.0105
Epoch [30/30], Step [200/245], Loss: 0.0060
Train accuracy is: 86.7 %
Validataion accuracy is: 86.9 %

Accuracy of the network on the 1000 test images: 86.7 %


