ConvNet(
  (layers): Sequential(
    (0): Conv2d(3, 128, kernel_size=(3, 3), stride=(1, 1), padding=(1, 1))
    (1): BatchNorm2d(128, eps=1e-05, momentum=0.1, affine=True, track_running_stats=True)
    (2): MaxPool2d(kernel_size=2, stride=2, padding=0, dilation=1, ceil_mode=False)
    (3): ReLU()
    (4): Conv2d(128, 512, kernel_size=(3, 3), stride=(1, 1), padding=(1, 1))
    (5): BatchNorm2d(512, eps=1e-05, momentum=0.1, affine=True, track_running_stats=True)
    (6): MaxPool2d(kernel_size=2, stride=2, padding=0, dilation=1, ceil_mode=False)
    (7): ReLU()
    (8): Conv2d(512, 512, kernel_size=(3, 3), stride=(1, 1), padding=(1, 1))
    (9): BatchNorm2d(512, eps=1e-05, momentum=0.1, affine=True, track_running_stats=True)
    (10): MaxPool2d(kernel_size=2, stride=2, padding=0, dilation=1, ceil_mode=False)
    (11): ReLU()
    (12): Conv2d(512, 512, kernel_size=(3, 3), stride=(1, 1), padding=(1, 1))
    (13): BatchNorm2d(512, eps=1e-05, momentum=0.1, affine=True, track_running_stats=True)
    (14): MaxPool2d(kernel_size=2, stride=2, padding=0, dilation=1, ceil_mode=False)
    (15): ReLU()
    (16): Conv2d(512, 512, kernel_size=(3, 3), stride=(1, 1), padding=(1, 1))
    (17): BatchNorm2d(512, eps=1e-05, momentum=0.1, affine=True, track_running_stats=True)
    (18): MaxPool2d(kernel_size=2, stride=2, padding=0, dilation=1, ceil_mode=False)
    (19): ReLU()
    (20): Flatten(start_dim=1, end_dim=-1)
    (21): Linear(in_features=512, out_features=10, bias=True)
  )
)
Epoch [1/20], Step [100/245], Loss: 1.2801
Epoch [1/20], Step [200/245], Loss: 1.0105
Train accuracy is: 47.518367346938774 %
Validataion accuracy is: 55.1 %
Epoch [2/20], Step [100/245], Loss: 0.9918
Epoch [2/20], Step [200/245], Loss: 1.0772
Train accuracy is: 66.2204081632653 %
Validataion accuracy is: 62.9 %
Epoch [3/20], Step [100/245], Loss: 0.7865
Epoch [3/20], Step [200/245], Loss: 0.6416
Train accuracy is: 72.07755102040817 %
Validataion accuracy is: 69.8 %
Epoch [4/20], Step [100/245], Loss: 0.7772
Epoch [4/20], Step [200/245], Loss: 0.5847
Train accuracy is: 76.71836734693878 %
Validataion accuracy is: 72.6 %
Epoch [5/20], Step [100/245], Loss: 0.5462
Epoch [5/20], Step [200/245], Loss: 0.5332
Train accuracy is: 80.1 %
Validataion accuracy is: 79.4 %
Epoch [6/20], Step [100/245], Loss: 0.5614
Epoch [6/20], Step [200/245], Loss: 0.3776
Train accuracy is: 82.99795918367347 %
Validataion accuracy is: 72.0 %
Epoch [7/20], Step [100/245], Loss: 0.3409
Epoch [7/20], Step [200/245], Loss: 0.4347
Train accuracy is: 85.31836734693877 %
Validataion accuracy is: 78.3 %
Epoch [8/20], Step [100/245], Loss: 0.3555
Epoch [8/20], Step [200/245], Loss: 0.3569
Train accuracy is: 87.28163265306122 %
Validataion accuracy is: 77.4 %
Epoch [9/20], Step [100/245], Loss: 0.3102
Epoch [9/20], Step [200/245], Loss: 0.3153
Train accuracy is: 89.14081632653061 %
Validataion accuracy is: 80.0 %
Epoch [10/20], Step [100/245], Loss: 0.3069
Epoch [10/20], Step [200/245], Loss: 0.2979
Train accuracy is: 91.00204081632653 %
Validataion accuracy is: 81.3 %
Epoch [11/20], Step [100/245], Loss: 0.1596
Epoch [11/20], Step [200/245], Loss: 0.3678
Train accuracy is: 92.36530612244898 %
Validataion accuracy is: 79.7 %
Epoch [12/20], Step [100/245], Loss: 0.2027
Epoch [12/20], Step [200/245], Loss: 0.1929
Train accuracy is: 93.40408163265306 %
Validataion accuracy is: 82.1 %
Epoch [13/20], Step [100/245], Loss: 0.1440
Epoch [13/20], Step [200/245], Loss: 0.2132
Train accuracy is: 94.72857142857143 %
Validataion accuracy is: 80.2 %
Epoch [14/20], Step [100/245], Loss: 0.0817
Epoch [14/20], Step [200/245], Loss: 0.1359
Train accuracy is: 95.2265306122449 %
Validataion accuracy is: 80.1 %
Epoch [15/20], Step [100/245], Loss: 0.1543
Epoch [15/20], Step [200/245], Loss: 0.1505
Train accuracy is: 96.16938775510204 %
Validataion accuracy is: 78.4 %
Epoch [16/20], Step [100/245], Loss: 0.0912
Epoch [16/20], Step [200/245], Loss: 0.0979
Train accuracy is: 96.58163265306122 %
Validataion accuracy is: 79.4 %
Epoch [17/20], Step [100/245], Loss: 0.0737
Epoch [17/20], Step [200/245], Loss: 0.0825
Train accuracy is: 97.03673469387755 %
Validataion accuracy is: 80.2 %
Epoch [18/20], Step [100/245], Loss: 0.0517
Epoch [18/20], Step [200/245], Loss: 0.1205
Train accuracy is: 97.73061224489796 %
Validataion accuracy is: 80.6 %
Epoch [19/20], Step [100/245], Loss: 0.0815
Epoch [19/20], Step [200/245], Loss: 0.0581
Train accuracy is: 97.98775510204082 %
Validataion accuracy is: 79.8 %
Epoch [20/20], Step [100/245], Loss: 0.0725
Epoch [20/20], Step [200/245], Loss: 0.0906
Train accuracy is: 97.90816326530613 %
Validataion accuracy is: 81.2 %

